-------------------------------------------------------------------------------
Test set: TestSuite
-------------------------------------------------------------------------------
Tests run: 3, Failures: 3, Errors: 0, Skipped: 0, Time elapsed: 1.444 s <<< FAILURE! - in TestSuite
TestRunner.DemoNg.runScenario["To check title of the application", "Unknown"](1)  Time elapsed: 0.174 s  <<< FAILURE!
io.cucumber.testng.UndefinedStepException: 
The step 'User opens the Browser' and 3 other step(s) are undefined.
You can implement these steps using the snippet(s) below:

@Given("User opens the Browser")
public void user_opens_the_browser() {
    // Write code here that turns the phrase above into concrete actions
    throw new io.cucumber.java.PendingException();
}
@Given("User navigates to the {string} Webpage")
public void user_navigates_to_the_webpage(String string) {
    // Write code here that turns the phrase above into concrete actions
    throw new io.cucumber.java.PendingException();
}
@Then("User verifies the title of the Webpage")
public void user_verifies_the_title_of_the_webpage() {
    // Write code here that turns the phrase above into concrete actions
    throw new io.cucumber.java.PendingException();
}
@Then("User closes the Browser")
public void user_closes_the_browser() {
    // Write code here that turns the phrase above into concrete actions
    throw new io.cucumber.java.PendingException();
}


TestRunner.DemoNg.runScenario["User checks login functionality", "Unknown"](2)  Time elapsed: 0 s  <<< FAILURE!
io.cucumber.testng.UndefinedStepException: 
The step 'User opens the Browser' and 6 other step(s) are undefined.
You can implement these steps using the snippet(s) below:

@Given("User opens the Browser")
public void user_opens_the_browser() {
    // Write code here that turns the phrase above into concrete actions
    throw new io.cucumber.java.PendingException();
}
@Given("User navigates to the {string} Webpage")
public void user_navigates_to_the_webpage(String string) {
    // Write code here that turns the phrase above into concrete actions
    throw new io.cucumber.java.PendingException();
}
@When("user enters {string} username")
public void user_enters_username(String string) {
    // Write code here that turns the phrase above into concrete actions
    throw new io.cucumber.java.PendingException();
}
@When("user enters'admin123' password")
public void user_enters_admin123_password() {
    // Write code here that turns the phrase above into concrete actions
    throw new io.cucumber.java.PendingException();
}
@When("user clicks login button")
public void user_clicks_login_button() {
    // Write code here that turns the phrase above into concrete actions
    throw new io.cucumber.java.PendingException();
}
@Then("user verifies the profile account")
public void user_verifies_the_profile_account() {
    // Write code here that turns the phrase above into concrete actions
    throw new io.cucumber.java.PendingException();
}
@Then("User closes the Browser")
public void user_closes_the_browser() {
    // Write code here that turns the phrase above into concrete actions
    throw new io.cucumber.java.PendingException();
}


TestRunner.DemoNg.runScenario["User checks login functionality", "Unknown"](3)  Time elapsed: 0.013 s  <<< FAILURE!
io.cucumber.testng.UndefinedStepException: 
The step 'User opens the Browser' and 6 other step(s) are undefined.
You can implement these steps using the snippet(s) below:

@Given("User opens the Browser")
public void user_opens_the_browser() {
    // Write code here that turns the phrase above into concrete actions
    throw new io.cucumber.java.PendingException();
}
@Given("User navigates to the {string} Webpage")
public void user_navigates_to_the_webpage(String string) {
    // Write code here that turns the phrase above into concrete actions
    throw new io.cucumber.java.PendingException();
}
@When("user enters {string} username")
public void user_enters_username(String string) {
    // Write code here that turns the phrase above into concrete actions
    throw new io.cucumber.java.PendingException();
}
@When("user enters'admin123' password")
public void user_enters_admin123_password() {
    // Write code here that turns the phrase above into concrete actions
    throw new io.cucumber.java.PendingException();
}
@When("user clicks login button")
public void user_clicks_login_button() {
    // Write code here that turns the phrase above into concrete actions
    throw new io.cucumber.java.PendingException();
}
@Then("user verifies the profile account")
public void user_verifies_the_profile_account() {
    // Write code here that turns the phrase above into concrete actions
    throw new io.cucumber.java.PendingException();
}
@Then("User closes the Browser")
public void user_closes_the_browser() {
    // Write code here that turns the phrase above into concrete actions
    throw new io.cucumber.java.PendingException();
}


