<?xml version="1.0" encoding="UTF-8"?>
<testsuite xmlns:xsi="http://www.w3.org/2001/XMLSchema-instance" xsi:noNamespaceSchemaLocation="https://maven.apache.org/surefire/maven-surefire-plugin/xsd/surefire-test-report-3.0.xsd" version="3.0" name="TestSuite" time="1.444" tests="3" errors="0" skipped="0" failures="3">
  <properties>
[...]
</properties>
  <testcase name="runScenario[&quot;To check title of the application&quot;, &quot;Unknown&quot;](1)" classname="TestRunner.DemoNg" time="0.174">
    <failure message="The step &apos;User opens the Browser&apos; and 3 other step(s) are undefined.&#10;You can implement these steps using the snippet(s) below:&#10;&#10;@Given(&quot;User opens the Browser&quot;)&#10;public void user_opens_the_browser() {&#10;    // Write code here that turns the phrase above into concrete actions&#10;    throw new io.cucumber.java.PendingException();&#10;}&#10;@Given(&quot;User navigates to the {string} Webpage&quot;)&#10;public void user_navigates_to_the_webpage(String string) {&#10;    // Write code here that turns the phrase above into concrete actions&#10;    throw new io.cucumber.java.PendingException();&#10;}&#10;@Then(&quot;User verifies the title of the Webpage&quot;)&#10;public void user_verifies_the_title_of_the_webpage() {&#10;    // Write code here that turns the phrase above into concrete actions&#10;    throw new io.cucumber.java.PendingException();&#10;}&#10;@Then(&quot;User closes the Browser&quot;)&#10;public void user_closes_the_browser() {&#10;    // Write code here that turns the phrase above into concrete actions&#10;    throw new io.cucumber.java.PendingException();&#10;}&#10;" type="io.cucumber.testng.UndefinedStepException"><![CDATA[io.cucumber.testng.UndefinedStepException: 
The step 'User opens the Browser' and 3 other step(s) are undefined.
You can implement these steps using the snippet(s) below:

@Given("User opens the Browser")
public void user_opens_the_browser() {
    // Write code here that turns the phrase above into concrete actions
    throw new io.cucumber.java.PendingException();
}
@Given("User navigates to the {string} Webpage")
public void user_navigates_to_the_webpage(String string) {
    // Write code here that turns the phrase above into concrete actions
    throw new io.cucumber.java.PendingException();
}
@Then("User verifies the title of the Webpage")
public void user_verifies_the_title_of_the_webpage() {
    // Write code here that turns the phrase above into concrete actions
    throw new io.cucumber.java.PendingException();
}
@Then("User closes the Browser")
public void user_closes_the_browser() {
    // Write code here that turns the phrase above into concrete actions
    throw new io.cucumber.java.PendingException();
}

]]></failure>
    <system-out><![CDATA[
@SmokeTest
Scenario: To check title of the application                                                              &amp#27;[90m# src/test/resources/feature/Sample2.feature:8&amp#27;[0m
  &amp#27;[33mGiven &amp#27;[0m&amp#27;[33mUser opens the Browser&amp#27;[0m
  &amp#27;[36mAnd &amp#27;[0m&amp#27;[36mUser navigates to the "https://opensource-demo.orangehrmlive.com/web/index.php/auth/login" Webpage&amp#27;[0m
  &amp#27;[36mThen &amp#27;[0m&amp#27;[36mUser verifies the title of the Webpage&amp#27;[0m
  &amp#27;[36mAnd &amp#27;[0m&amp#27;[36mUser closes the Browser&amp#27;[0m
]]></system-out>
    <system-err><![CDATA[SLF4J: Failed to load class "org.slf4j.impl.StaticLoggerBinder".
SLF4J: Defaulting to no-operation (NOP) logger implementation
SLF4J: See http://www.slf4j.org/codes.html#StaticLoggerBinder for further details.
]]></system-err>
  </testcase>
  <testcase name="runScenario[&quot;User checks login functionality&quot;, &quot;Unknown&quot;](2)" classname="TestRunner.DemoNg" time="0">
    <failure message="The step &apos;User opens the Browser&apos; and 6 other step(s) are undefined.&#10;You can implement these steps using the snippet(s) below:&#10;&#10;@Given(&quot;User opens the Browser&quot;)&#10;public void user_opens_the_browser() {&#10;    // Write code here that turns the phrase above into concrete actions&#10;    throw new io.cucumber.java.PendingException();&#10;}&#10;@Given(&quot;User navigates to the {string} Webpage&quot;)&#10;public void user_navigates_to_the_webpage(String string) {&#10;    // Write code here that turns the phrase above into concrete actions&#10;    throw new io.cucumber.java.PendingException();&#10;}&#10;@When(&quot;user enters {string} username&quot;)&#10;public void user_enters_username(String string) {&#10;    // Write code here that turns the phrase above into concrete actions&#10;    throw new io.cucumber.java.PendingException();&#10;}&#10;@When(&quot;user enters&apos;admin123&apos; password&quot;)&#10;public void user_enters_admin123_password() {&#10;    // Write code here that turns the phrase above into concrete actions&#10;    throw new io.cucumber.java.PendingException();&#10;}&#10;@When(&quot;user clicks login button&quot;)&#10;public void user_clicks_login_button() {&#10;    // Write code here that turns the phrase above into concrete actions&#10;    throw new io.cucumber.java.PendingException();&#10;}&#10;@Then(&quot;user verifies the profile account&quot;)&#10;public void user_verifies_the_profile_account() {&#10;    // Write code here that turns the phrase above into concrete actions&#10;    throw new io.cucumber.java.PendingException();&#10;}&#10;@Then(&quot;User closes the Browser&quot;)&#10;public void user_closes_the_browser() {&#10;    // Write code here that turns the phrase above into concrete actions&#10;    throw new io.cucumber.java.PendingException();&#10;}&#10;" type="io.cucumber.testng.UndefinedStepException"><![CDATA[io.cucumber.testng.UndefinedStepException: 
The step 'User opens the Browser' and 6 other step(s) are undefined.
You can implement these steps using the snippet(s) below:

@Given("User opens the Browser")
public void user_opens_the_browser() {
    // Write code here that turns the phrase above into concrete actions
    throw new io.cucumber.java.PendingException();
}
@Given("User navigates to the {string} Webpage")
public void user_navigates_to_the_webpage(String string) {
    // Write code here that turns the phrase above into concrete actions
    throw new io.cucumber.java.PendingException();
}
@When("user enters {string} username")
public void user_enters_username(String string) {
    // Write code here that turns the phrase above into concrete actions
    throw new io.cucumber.java.PendingException();
}
@When("user enters'admin123' password")
public void user_enters_admin123_password() {
    // Write code here that turns the phrase above into concrete actions
    throw new io.cucumber.java.PendingException();
}
@When("user clicks login button")
public void user_clicks_login_button() {
    // Write code here that turns the phrase above into concrete actions
    throw new io.cucumber.java.PendingException();
}
@Then("user verifies the profile account")
public void user_verifies_the_profile_account() {
    // Write code here that turns the phrase above into concrete actions
    throw new io.cucumber.java.PendingException();
}
@Then("User closes the Browser")
public void user_closes_the_browser() {
    // Write code here that turns the phrase above into concrete actions
    throw new io.cucumber.java.PendingException();
}

]]></failure>
    <system-out><![CDATA[
@SystemTest
Scenario Outline: User checks login functionality                                                        &amp#27;[90m# src/test/resources/feature/Sample2.feature:22&amp#27;[0m
  &amp#27;[33mGiven &amp#27;[0m&amp#27;[33mUser opens the Browser&amp#27;[0m
  &amp#27;[36mAnd &amp#27;[0m&amp#27;[36mUser navigates to the "https://opensource-demo.orangehrmlive.com/web/index.php/auth/login" Webpage&amp#27;[0m
  &amp#27;[36mWhen &amp#27;[0m&amp#27;[36muser enters 'Admin' username&amp#27;[0m
  &amp#27;[36mAnd &amp#27;[0m&amp#27;[36muser enters'admin123' password&amp#27;[0m
  &amp#27;[36mAnd &amp#27;[0m&amp#27;[36muser clicks login button&amp#27;[0m
  &amp#27;[36mThen &amp#27;[0m&amp#27;[36muser verifies the profile account&amp#27;[0m
  &amp#27;[36mAnd &amp#27;[0m&amp#27;[36mUser closes the Browser&amp#27;[0m
]]></system-out>
  </testcase>
  <testcase name="runScenario[&quot;User checks login functionality&quot;, &quot;Unknown&quot;](3)" classname="TestRunner.DemoNg" time="0.013">
    <failure message="The step &apos;User opens the Browser&apos; and 6 other step(s) are undefined.&#10;You can implement these steps using the snippet(s) below:&#10;&#10;@Given(&quot;User opens the Browser&quot;)&#10;public void user_opens_the_browser() {&#10;    // Write code here that turns the phrase above into concrete actions&#10;    throw new io.cucumber.java.PendingException();&#10;}&#10;@Given(&quot;User navigates to the {string} Webpage&quot;)&#10;public void user_navigates_to_the_webpage(String string) {&#10;    // Write code here that turns the phrase above into concrete actions&#10;    throw new io.cucumber.java.PendingException();&#10;}&#10;@When(&quot;user enters {string} username&quot;)&#10;public void user_enters_username(String string) {&#10;    // Write code here that turns the phrase above into concrete actions&#10;    throw new io.cucumber.java.PendingException();&#10;}&#10;@When(&quot;user enters&apos;admin123&apos; password&quot;)&#10;public void user_enters_admin123_password() {&#10;    // Write code here that turns the phrase above into concrete actions&#10;    throw new io.cucumber.java.PendingException();&#10;}&#10;@When(&quot;user clicks login button&quot;)&#10;public void user_clicks_login_button() {&#10;    // Write code here that turns the phrase above into concrete actions&#10;    throw new io.cucumber.java.PendingException();&#10;}&#10;@Then(&quot;user verifies the profile account&quot;)&#10;public void user_verifies_the_profile_account() {&#10;    // Write code here that turns the phrase above into concrete actions&#10;    throw new io.cucumber.java.PendingException();&#10;}&#10;@Then(&quot;User closes the Browser&quot;)&#10;public void user_closes_the_browser() {&#10;    // Write code here that turns the phrase above into concrete actions&#10;    throw new io.cucumber.java.PendingException();&#10;}&#10;" type="io.cucumber.testng.UndefinedStepException"><![CDATA[io.cucumber.testng.UndefinedStepException: 
The step 'User opens the Browser' and 6 other step(s) are undefined.
You can implement these steps using the snippet(s) below:

@Given("User opens the Browser")
public void user_opens_the_browser() {
    // Write code here that turns the phrase above into concrete actions
    throw new io.cucumber.java.PendingException();
}
@Given("User navigates to the {string} Webpage")
public void user_navigates_to_the_webpage(String string) {
    // Write code here that turns the phrase above into concrete actions
    throw new io.cucumber.java.PendingException();
}
@When("user enters {string} username")
public void user_enters_username(String string) {
    // Write code here that turns the phrase above into concrete actions
    throw new io.cucumber.java.PendingException();
}
@When("user enters'admin123' password")
public void user_enters_admin123_password() {
    // Write code here that turns the phrase above into concrete actions
    throw new io.cucumber.java.PendingException();
}
@When("user clicks login button")
public void user_clicks_login_button() {
    // Write code here that turns the phrase above into concrete actions
    throw new io.cucumber.java.PendingException();
}
@Then("user verifies the profile account")
public void user_verifies_the_profile_account() {
    // Write code here that turns the phrase above into concrete actions
    throw new io.cucumber.java.PendingException();
}
@Then("User closes the Browser")
public void user_closes_the_browser() {
    // Write code here that turns the phrase above into concrete actions
    throw new io.cucumber.java.PendingException();
}

]]></failure>
    <system-out><![CDATA[
@SystemTest
Scenario Outline: User checks login functionality                                                        &amp#27;[90m# src/test/resources/feature/Sample2.feature:23&amp#27;[0m
  &amp#27;[33mGiven &amp#27;[0m&amp#27;[33mUser opens the Browser&amp#27;[0m
  &amp#27;[36mAnd &amp#27;[0m&amp#27;[36mUser navigates to the "https://opensource-demo.orangehrmlive.com/web/index.php/auth/login" Webpage&amp#27;[0m
  &amp#27;[36mWhen &amp#27;[0m&amp#27;[36muser enters 'Admin' username&amp#27;[0m
  &amp#27;[36mAnd &amp#27;[0m&amp#27;[36muser enters'admin123' password&amp#27;[0m
  &amp#27;[36mAnd &amp#27;[0m&amp#27;[36muser clicks login button&amp#27;[0m
  &amp#27;[36mThen &amp#27;[0m&amp#27;[36muser verifies the profile account&amp#27;[0m
  &amp#27;[36mAnd &amp#27;[0m&amp#27;[36mUser closes the Browser&amp#27;[0m
]]></system-out>
  </testcase>
</testsuite>