<?xml version="1.0" encoding="UTF-8"?>
<testsuite name="Cucumber" time="28.258" tests="3" skipped="0" failures="0" errors="0" timestamp="2025-03-08T04:42:27.763886100Z">
<testcase classname="" name="To check title of the application" time="9.609">
<system-out><![CDATA[
Given User opens the Browser................................................passed
And User navigates to the "https://opensource-demo.orangehrmlive.com/web/index.php/auth/login" Webpage.passed
Then User verifies the title of the Webpage.................................passed
And User closes the Browser.................................................passed
]]></system-out>
</testcase>
<testcase classname="" name="User checks login functionality - #1.1" time="9.643">
<system-out><![CDATA[
Given User opens the Browser................................................passed
And User navigates to the "https://opensource-demo.orangehrmlive.com/web/index.php/auth/login" Webpage.passed
When user enters 'Admin' username...........................................passed
And user enters'admin123' password..........................................passed
And user clicks login button................................................passed
Then user verifies the profile account......................................passed
And User closes the Browser.................................................passed
]]></system-out>
</testcase>
<testcase classname="" name="User checks login functionality - #1.2" time="8.564">
<system-out><![CDATA[
Given User opens the Browser................................................passed
And User navigates to the "https://opensource-demo.orangehrmlive.com/web/index.php/auth/login" Webpage.passed
When user enters 'Admin' username...........................................passed
And user enters'admin123' password..........................................passed
And user clicks login button................................................passed
Then user verifies the profile account......................................passed
And User closes the Browser.................................................passed
]]></system-out>
</testcase>
</testsuite>
